<?xml version="1.0" encoding="UTF-8"?>
<testng-results skipped="0" failed="0" ignored="0" total="1" passed="1">
  <reporter-output>
  </reporter-output>
  <suite name="Default suite" duration-ms="7120" started-at="2021-12-10T17:02:50 IST" finished-at="2021-12-10T17:02:57 IST">
    <groups>
    </groups>
    <test name="Default test" duration-ms="7120" started-at="2021-12-10T17:02:50 IST" finished-at="2021-12-10T17:02:57 IST">
      <class name="com.petStore.PostingWithJSONFile">
        <test-method status="PASS" signature="post()[pri:0, instance:com.petStore.PostingWithJSONFile@3dfc5fb8]" name="post" duration-ms="7071" started-at="2021-12-10T17:02:50 IST" finished-at="2021-12-10T17:02:57 IST">
          <reporter-output>
          </reporter-output>
        </test-method> <!-- post -->
      </class> <!-- com.petStore.PostingWithJSONFile -->
    </test> <!-- Default test -->
  </suite> <!-- Default suite -->
</testng-results>
